<?xml version="1.0" encoding="UTF-8"?>
<!-- Generated by org.testng.reporters.JUnitXMLReporter -->
<testsuite ignored="0" hostname="Faizahammed" failures="0" tests="5" name="API Tests" time="4.88" errors="0" timestamp="2025-12-27T01:33:19 IST">
  <testcase classname="tests.CreateOrderTest" name="createOrder" time="2.189"/>
  <testcase classname="tests.CreateUserTest" name="createUser" time="0.546"/>
  <testcase classname="tests.GetProductsTest" name="getAllProducts" time="0.429"/>
  <testcase classname="tests.LoginTest" name="loginAndGetToken" time="0.858"/>
  <testcase classname="tests.SecureProductsTest" name="getProductsWithToken" time="0.294"/>
</testsuite> <!-- API Tests -->
