<?xml version="1.0" encoding="UTF-8"?>
<testng-results ignored="0" total="5" passed="5" failed="0" skipped="0">
  <reporter-output>
  </reporter-output>
  <suite started-at="2025-12-27T01:33:14 IST" name="API Automation Suite" finished-at="2025-12-27T01:33:19 IST" duration-ms="4880">
    <groups>
    </groups>
    <test started-at="2025-12-27T01:33:14 IST" name="API Tests" finished-at="2025-12-27T01:33:19 IST" duration-ms="4880">
      <class name="tests.LoginTest">
        <test-method is-config="true" signature="setup()[pri:0, instance:tests.LoginTest@59474f18]" started-at="2025-12-27T01:33:18 IST" name="setup" finished-at="2025-12-27T01:33:18 IST" duration-ms="1" status="PASS">
          <reporter-output>
          </reporter-output>
        </test-method> <!-- setup -->
        <test-method signature="loginAndGetToken()[pri:0, instance:tests.LoginTest@59474f18]" started-at="2025-12-27T01:33:18 IST" name="loginAndGetToken" finished-at="2025-12-27T01:33:18 IST" duration-ms="858" status="PASS">
          <reporter-output>
          </reporter-output>
        </test-method> <!-- loginAndGetToken -->
      </class> <!-- tests.LoginTest -->
      <class name="tests.CreateUserTest">
        <test-method is-config="true" signature="setup()[pri:0, instance:tests.CreateUserTest@4802796d]" started-at="2025-12-27T01:33:17 IST" name="setup" finished-at="2025-12-27T01:33:17 IST" duration-ms="1" status="PASS">
          <reporter-output>
          </reporter-output>
        </test-method> <!-- setup -->
        <test-method signature="createUser()[pri:0, instance:tests.CreateUserTest@4802796d]" started-at="2025-12-27T01:33:17 IST" name="createUser" finished-at="2025-12-27T01:33:17 IST" duration-ms="546" status="PASS">
          <reporter-output>
          </reporter-output>
        </test-method> <!-- createUser -->
      </class> <!-- tests.CreateUserTest -->
      <class name="tests.GetProductsTest">
        <test-method is-config="true" signature="setup()[pri:0, instance:tests.GetProductsTest@34123d65]" started-at="2025-12-27T01:33:17 IST" name="setup" finished-at="2025-12-27T01:33:17 IST" duration-ms="0" status="PASS">
          <reporter-output>
          </reporter-output>
        </test-method> <!-- setup -->
        <test-method signature="getAllProducts()[pri:0, instance:tests.GetProductsTest@34123d65]" started-at="2025-12-27T01:33:17 IST" name="getAllProducts" finished-at="2025-12-27T01:33:18 IST" duration-ms="429" status="PASS">
          <reporter-output>
          </reporter-output>
        </test-method> <!-- getAllProducts -->
      </class> <!-- tests.GetProductsTest -->
      <class name="tests.SecureProductsTest">
        <test-method is-config="true" signature="setup()[pri:0, instance:tests.SecureProductsTest@65fb9ffc]" started-at="2025-12-27T01:33:18 IST" name="setup" finished-at="2025-12-27T01:33:18 IST" duration-ms="0" status="PASS">
          <reporter-output>
          </reporter-output>
        </test-method> <!-- setup -->
        <test-method signature="getProductsWithToken()[pri:0, instance:tests.SecureProductsTest@65fb9ffc]" started-at="2025-12-27T01:33:18 IST" name="getProductsWithToken" finished-at="2025-12-27T01:33:19 IST" depends-on-methods="tests.LoginTest.loginAndGetToken" duration-ms="294" status="PASS">
          <reporter-output>
          </reporter-output>
        </test-method> <!-- getProductsWithToken -->
      </class> <!-- tests.SecureProductsTest -->
      <class name="tests.CreateOrderTest">
        <test-method is-config="true" signature="setup()[pri:0, instance:tests.CreateOrderTest@235834f2]" started-at="2025-12-27T01:33:14 IST" name="setup" finished-at="2025-12-27T01:33:14 IST" duration-ms="287" status="PASS">
          <reporter-output>
          </reporter-output>
        </test-method> <!-- setup -->
        <test-method signature="createOrder()[pri:0, instance:tests.CreateOrderTest@235834f2]" started-at="2025-12-27T01:33:14 IST" name="createOrder" finished-at="2025-12-27T01:33:17 IST" duration-ms="2189" status="PASS">
          <reporter-output>
          </reporter-output>
        </test-method> <!-- createOrder -->
      </class> <!-- tests.CreateOrderTest -->
    </test> <!-- API Tests -->
  </suite> <!-- API Automation Suite -->
</testng-results>
